# JRE version: Java(TM) SE Runtime Environment (8.0_181-b13) (build 1.8.0_181-b13)
# Java VM: Java HotSpot(TM) 64-Bit Server VM (25.181-b13 mixed mode windows-amd64 compressed oops)
Heap:
 PSYoungGen      total 71680K, used 32757K [0x00000000d5e00000, 0x00000000df900000, 0x0000000100000000)
  eden space 66560K, 49% used [0x00000000d5e00000,0x00000000d7dfd710,0x00000000d9f00000)
  from space 5120K, 0% used [0x00000000d9f00000,0x00000000d9f00000,0x00000000da400000)
  to   space 12800K, 0% used [0x00000000dec80000,0x00000000dec80000,0x00000000df900000)
 ParOldGen       total 62976K, used 16348K [0x0000000081a00000, 0x0000000085780000, 0x00000000d5e00000)
  object space 62976K, 25% used [0x0000000081a00000,0x00000000829f7040,0x0000000085780000)
 Metaspace       used 22787K, capacity 23786K, committed 23936K, reserved 1071104K
  class space    used 2745K, capacity 3171K, committed 3200K, reserved 1048576K
GC Heap History (10 events):
Event: 2.384 GC heap before
{Heap before GC invocations=2 (full 0):
 PSYoungGen      total 38400K, used 38390K [0x00000000d5e00000, 0x00000000d8880000, 0x0000000100000000)
  eden space 33280K, 100% used [0x00000000d5e00000,0x00000000d7e80000,0x00000000d7e80000)
  from space 5120K, 99% used [0x00000000d7e80000,0x00000000d837d988,0x00000000d8380000)
  to   space 5120K, 0% used [0x00000000d8380000,0x00000000d8380000,0x00000000d8880000)
 ParOldGen       total 87552K, used 348K [0x0000000081a00000, 0x0000000086f80000, 0x00000000d5e00000)
  object space 87552K, 0% used [0x0000000081a00000,0x0000000081a57078,0x0000000086f80000)
 Metaspace       used 13558K, capacity 13842K, committed 13952K, reserved 1060864K
  class space    used 1493K, capacity 1636K, committed 1664K, reserved 1048576K
Event: 2.397 GC heap after
Heap after GC invocations=2 (full 0):
 PSYoungGen      total 38400K, used 5120K [0x00000000d5e00000, 0x00000000d8880000, 0x0000000100000000)
  eden space 33280K, 0% used [0x00000000d5e00000,0x00000000d5e00000,0x00000000d7e80000)
  from space 5120K, 100% used [0x00000000d8380000,0x00000000d8880000,0x00000000d8880000)
  to   space 5120K, 0% used [0x00000000d7e80000,0x00000000d7e80000,0x00000000d8380000)
 ParOldGen       total 87552K, used 3060K [0x0000000081a00000, 0x0000000086f80000, 0x00000000d5e00000)
  object space 87552K, 3% used [0x0000000081a00000,0x0000000081cfd350,0x0000000086f80000)
 Metaspace       used 13558K, capacity 13842K, committed 13952K, reserved 1060864K
  class space    used 1493K, capacity 1636K, committed 1664K, reserved 1048576K
}
Event: 2.996 GC heap before
{Heap before GC invocations=3 (full 0):
 PSYoungGen      total 38400K, used 38400K [0x00000000d5e00000, 0x00000000d8880000, 0x0000000100000000)
  eden space 33280K, 100% used [0x00000000d5e00000,0x00000000d7e80000,0x00000000d7e80000)
  from space 5120K, 100% used [0x00000000d8380000,0x00000000d8880000,0x00000000d8880000)
  to   space 5120K, 0% used [0x00000000d7e80000,0x00000000d7e80000,0x00000000d8380000)
 ParOldGen       total 87552K, used 3060K [0x0000000081a00000, 0x0000000086f80000, 0x00000000d5e00000)
  object space 87552K, 3% used [0x0000000081a00000,0x0000000081cfd350,0x0000000086f80000)
 Metaspace       used 17412K, capacity 18026K, committed 18304K, reserved 1064960K
  class space    used 2036K, capacity 2353K, committed 2432K, reserved 1048576K
Event: 3.008 GC heap after
Heap after GC invocations=3 (full 0):
 PSYoungGen      total 38400K, used 5120K [0x00000000d5e00000, 0x00000000da900000, 0x0000000100000000)
  eden space 33280K, 0% used [0x00000000d5e00000,0x00000000d5e00000,0x00000000d7e80000)
  from space 5120K, 100% used [0x00000000d7e80000,0x00000000d8380000,0x00000000d8380000)
  to   space 5120K, 0% used [0x00000000da400000,0x00000000da400000,0x00000000da900000)
 ParOldGen       total 87552K, used 7659K [0x0000000081a00000, 0x0000000086f80000, 0x00000000d5e00000)
  object space 87552K, 8% used [0x0000000081a00000,0x000000008217ae08,0x0000000086f80000)
 Metaspace       used 17412K, capacity 18026K, committed 18304K, reserved 1064960K
  class space    used 2036K, capacity 2353K, committed 2432K, reserved 1048576K
}
Event: 3.965 GC heap before
{Heap before GC invocations=4 (full 0):
 PSYoungGen      total 38400K, used 38400K [0x00000000d5e00000, 0x00000000da900000, 0x0000000100000000)
  eden space 33280K, 100% used [0x00000000d5e00000,0x00000000d7e80000,0x00000000d7e80000)
  from space 5120K, 100% used [0x00000000d7e80000,0x00000000d8380000,0x00000000d8380000)
  to   space 5120K, 0% used [0x00000000da400000,0x00000000da400000,0x00000000da900000)
 ParOldGen       total 87552K, used 7659K [0x0000000081a00000, 0x0000000086f80000, 0x00000000d5e00000)
  object space 87552K, 8% used [0x0000000081a00000,0x000000008217ae08,0x0000000086f80000)
 Metaspace       used 20150K, capacity 21034K, committed 21296K, reserved 1067008K
  class space    used 2459K, capacity 2839K, committed 2944K, reserved 1048576K
Event: 3.982 GC heap after
Heap after GC invocations=4 (full 0):
 PSYoungGen      total 71680K, used 5104K [0x00000000d5e00000, 0x00000000da900000, 0x0000000100000000)
  eden space 66560K, 0% used [0x00000000d5e00000,0x00000000d5e00000,0x00000000d9f00000)
  from space 5120K, 99% used [0x00000000da400000,0x00000000da8fc010,0x00000000da900000)
  to   space 5120K, 0% used [0x00000000d9f00000,0x00000000d9f00000,0x00000000da400000)
 ParOldGen       total 87552K, used 13119K [0x0000000081a00000, 0x0000000086f80000, 0x00000000d5e00000)
  object space 87552K, 14% used [0x0000000081a00000,0x00000000826cfd20,0x0000000086f80000)
 Metaspace       used 20150K, capacity 21034K, committed 21296K, reserved 1067008K
  class space    used 2459K, capacity 2839K, committed 2944K, reserved 1048576K
}
Event: 4.005 GC heap before
{Heap before GC invocations=5 (full 0):
 PSYoungGen      total 71680K, used 6610K [0x00000000d5e00000, 0x00000000da900000, 0x0000000100000000)
  eden space 66560K, 2% used [0x00000000d5e00000,0x00000000d5f787f0,0x00000000d9f00000)
  from space 5120K, 99% used [0x00000000da400000,0x00000000da8fc010,0x00000000da900000)
  to   space 5120K, 0% used [0x00000000d9f00000,0x00000000d9f00000,0x00000000da400000)
 ParOldGen       total 87552K, used 13119K [0x0000000081a00000, 0x0000000086f80000, 0x00000000d5e00000)
  object space 87552K, 14% used [0x0000000081a00000,0x00000000826cfd20,0x0000000086f80000)
 Metaspace       used 20231K, capacity 21144K, committed 21296K, reserved 1067008K
  class space    used 2469K, capacity 2852K, committed 2944K, reserved 1048576K
Event: 4.020 GC heap after
Heap after GC invocations=5 (full 0):
 PSYoungGen      total 71680K, used 5088K [0x00000000d5e00000, 0x00000000df900000, 0x0000000100000000)
  eden space 66560K, 0% used [0x00000000d5e00000,0x00000000d5e00000,0x00000000d9f00000)
  from space 5120K, 99% used [0x00000000d9f00000,0x00000000da3f8020,0x00000000da400000)
  to   space 12800K, 0% used [0x00000000dec80000,0x00000000dec80000,0x00000000df900000)
 ParOldGen       total 87552K, used 13191K [0x0000000081a00000, 0x0000000086f80000, 0x00000000d5e00000)
  object space 87552K, 15% used [0x0000000081a00000,0x00000000826e1d20,0x0000000086f80000)
 Metaspace       used 20231K, capacity 21144K, committed 21296K, reserved 1067008K
  class space    used 2469K, capacity 2852K, committed 2944K, reserved 1048576K
}
Event: 4.020 GC heap before
{Heap before GC invocations=6 (full 1):
 PSYoungGen      total 71680K, used 5088K [0x00000000d5e00000, 0x00000000df900000, 0x0000000100000000)
  eden space 66560K, 0% used [0x00000000d5e00000,0x00000000d5e00000,0x00000000d9f00000)
  from space 5120K, 99% used [0x00000000d9f00000,0x00000000da3f8020,0x00000000da400000)
  to   space 12800K, 0% used [0x00000000dec80000,0x00000000dec80000,0x00000000df900000)
 ParOldGen       total 87552K, used 13191K [0x0000000081a00000, 0x0000000086f80000, 0x00000000d5e00000)
  object space 87552K, 15% used [0x0000000081a00000,0x00000000826e1d20,0x0000000086f80000)
 Metaspace       used 20231K, capacity 21144K, committed 21296K, reserved 1067008K
  class space    used 2469K, capacity 2852K, committed 2944K, reserved 1048576K
Event: 4.099 GC heap after
Heap after GC invocations=6 (full 1):
 PSYoungGen      total 71680K, used 0K [0x00000000d5e00000, 0x00000000df900000, 0x0000000100000000)
  eden space 66560K, 0% used [0x00000000d5e00000,0x00000000d5e00000,0x00000000d9f00000)
  from space 5120K, 0% used [0x00000000d9f00000,0x00000000d9f00000,0x00000000da400000)
  to   space 12800K, 0% used [0x00000000dec80000,0x00000000dec80000,0x00000000df900000)
 ParOldGen       total 62976K, used 16348K [0x0000000081a00000, 0x0000000085780000, 0x00000000d5e00000)
  object space 62976K, 25% used [0x0000000081a00000,0x00000000829f7040,0x0000000085780000)
 Metaspace       used 20231K, capacity 21144K, committed 21296K, reserved 1067008K
  class space    used 2469K, capacity 2852K, committed 2944K, reserved 1048576K
}

