<?xml version="1.0" encoding="UTF-8"?>
<testsuite xmlns:xsi="http://www.w3.org/2001/XMLSchema-instance" xsi:noNamespaceSchemaLocation="https://maven.apache.org/surefire/maven-surefire-plugin/xsd/surefire-test-report.xsd" name="TestSuite" time="0.399" tests="6" errors="0" skipped="0" failures="1">
  <properties>
[...]
</properties>
  <testcase name="mulTest" classname="test.java.CalculationTest" time="0.004"/>
  <testcase name="subTest" classname="test.java.CalculationTest" time="0"/>
  <testcase name="sumTest" classname="test.java.CalculationTest" time="0"/>
  <testcase name="sumTest" classname="test.java.CalculationTest" time="0"/>
  <testcase name="sumTest" classname="test.java.CalculationTest" time="0"/>
  <testcase name="sumTest" classname="test.java.CalculationTest" time="0.004">
    <failure message="expected [11] but found [10]" type="java.lang.AssertionError">java.lang.AssertionError: expected [11] but found [10]
	at test.java.CalculationTest.sumTest(CalculationTest.java:30)
</failure>
    <system-out><![CDATA[STOP TEST
START TEST
]]></system-out>
  </testcase>
</testsuite>